# Handoff 0013-android-inventory-ui — commands (in order), app repo /home/israel/Documents/Development/PlantApp

## Baseline
$ git fetch origin && git rev-parse HEAD     -> a99cb755ecdbb76463e394b914a395a2916dcdbf
$ git status --short                          -> (empty)
# consulted Compose / Material3 / Hilt-navigation-compose / Navigation-Compose / Robolectric+compose-ui-test docs

## COMMIT 1 (red) — UI tests #21–#24
# catalog: + robolectric, androidx.test.ext:junit, compose-ui-test-junit4/-manifest, lifecycle-viewmodel-ktx
# feature-inventory build: testOptions(isIncludeAndroidResources, useJUnit) + test deps
# wrote InventoryScreensTest.kt (Robolectric createComposeRule; #21-#24)
$ cd android && GRADLE_USER_HOME=/tmp/plantapp-gradle-home ./gradlew :feature-inventory:testDebugUnitTest --no-daemon
  e: Unresolved reference 'InventoryTestTags' / screens absent -> BUILD FAILED   # desired red
$ git add android/gradle/libs.versions.toml android/feature-inventory/build.gradle.kts android/feature-inventory/src/test/
$ git commit -m "test(android-inventory): add Slice 1 Compose UI tests (#21–#24)"
  [master da0eee0] 3 files changed, 123 insertions(+)
$ git push origin master   -> a99cb75..da0eee0

## COMMIT 2 (green) — screens + VMs + nav
# wrote feature-inventory/src/main: InventoryTestTags, InventoryUiState, PlantListScreen, AddPlantScreen, PlantDetailScreen, InventoryViewModels
# wrote design-system Theme.kt ; app PlantApplication.kt + MainActivity.kt(NavHost) ; updated app AndroidManifest (Application + launcher activity, framework theme)
# git rm 3 redundant .gitkeep
$ ./gradlew :feature-inventory:testDebugUnitTest --no-daemon
  FIRST RUN: 4 tests, 2 failed (#22/#24) — submit Button below the fold in verticalScroll Column -> performClick no-op under Robolectric
# fix (test): @Config(qualifiers="w411dp-h2000dp") + performScrollTo() before submit click
$ ./gradlew :feature-inventory:testDebugUnitTest --no-daemon
  BUILD SUCCESSFUL ; tests="4" failures="0"
$ ./gradlew :app:assembleDebug --no-daemon
  BUILD SUCCESSFUL in 2m 03s ; app-debug.apk ~11.3 MB

$ git diff --quiet HEAD -- backend/ shared-schemas/ supabase/ android/network/src/ android/domain/src/ android/data/src/   -> UNCHANGED
$ git add -A android/
$ git commit -m "feat(android-inventory): add add-plant/list/detail screens + nav (Slice 1 UI)"
  [master a568a4d] 14 files changed, 536 insertions(+), 4 deletions(-)
$ git push origin master   -> da0eee0..a568a4d
$ git rev-parse origin/master   -> a568a4d4ac746e3d3e9942263af32d5bf75356b2
