# Handoff 0017-android-advisories — commands (in order), app repo /home/israel/Documents/Development/PlantApp

## Baseline
$ git fetch origin && git rev-parse HEAD     -> 8d3e813cc35f37f6b2cbf592dfbfb47bd072b096
$ git status --short                          -> (empty)

## COMMIT 1 (red) — advisory DTO/repo/UI tests
# wrote :network AdvisoryDtoTest.kt, :data InventoryAdvisoriesTest.kt, :feature-inventory PlantDetailAdvisoriesTest.kt
$ cd android && GRADLE_USER_HOME=/tmp/plantapp-gradle-home ./gradlew :network:testDebugUnitTest :data:testDebugUnitTest :feature-inventory:testDebugUnitTest --no-daemon
  e: Unresolved 'AdvisoryDto' / 'Advisory' / no param 'advisories' / 'ADVISORY_SECTION' -> BUILD FAILED   # desired red
$ git add :network/:data/:feature-inventory advisory test files
$ git commit -m "test(android-advisories): add Slice 2 advisory DTO/repo/UI tests"
  [master 63440be] 3 files changed, 138 insertions(+)
$ git push origin master   -> 8d3e813..63440be

## COMMIT 2 (green) — DTO/domain/repo/UI
# :network  Dtos.kt + AdvisoryDto (details: JsonObject?) ; PlantAppApi.getAdvisories
# :domain   Advisory model ; InventoryRepository.getAdvisories
# :data     DtoMappers AdvisoryDto.toDomain ; InventoryRepositoryImpl.getAdvisories ; FakePlantAppApi advisory + getAdvisories override
# :feature  InventoryTestTags.ADVISORY_SECTION ; PlantDetailUiState.Content.advisories ; PlantDetailViewModel.loadFor loads advisories ; PlantDetailScreen AdvisoriesSection (severity-styled)
$ ./gradlew :network:testDebugUnitTest :data:testDebugUnitTest :feature-inventory:testDebugUnitTest --no-daemon
  BUILD SUCCESSFUL ; all module tests failures="0"
$ ./gradlew :app:assembleDebug --no-daemon
  BUILD SUCCESSFUL in 49s

$ git diff --quiet HEAD -- backend/ shared-schemas/ supabase/   -> UNCHANGED
$ git add -A android/
$ git commit -m "feat(android-advisories): surface plant advisories on the detail screen (Slice 2)"
  [master c4e4396] 11 files changed, 100 insertions(+), 2 deletions(-)
$ git push origin master   -> 63440be..c4e4396
$ git rev-parse origin/master   -> c4e4396bde2470706abe04a29b53ed307e430028
