# Handoff 0024-android-gardenspace-selector — commands, app repo /home/israel/Documents/Development/PlantApp

## Baseline + unblock
$ git fetch origin && git rev-parse HEAD      -> 20f4e354486f79d93e21bdbacbec24ff9d4ae7c3 == origin/master
$ git status --short                           -> (empty)
$ ls /home/israel/Android/Sdk/platforms        -> android-34/35/36/36.1 (SDK OK)

## Implement
# InventoryTestTags.kt: + FIELD_GARDEN_SPACE_SELECTOR, GARDEN_SPACE_CREATE_ITEM, FIELD_NEW_GARDEN_SPACE_NAME/KIND, GARDEN_SPACE_CREATE_BUTTON (drop FIELD_GARDEN_SPACE_ID)
# AddPlantScreen.kt: + gardenSpaces + onCreateGardenSpace params; ExposedDropdownMenuBox selector + create item + inline create form; LaunchedEffect auto-select last; submit uses selectedGardenSpace.id
# InventoryViewModels.kt: AddPlantViewModel loads gardenSpaces in init; + createGardenSpace(name,kind) appends to _gardenSpaces
# MainActivity.kt: Routes.ADD collects vm.gardenSpaces, passes gardenSpaces + onCreateGardenSpace=vm::createGardenSpace
# InventoryScreensTest.kt: gardenSpaces fixture; #22/#24 select space; + "lists existing spaces" + "create path invokes callback"

## Gate (first run)
$ ./gradlew :feature-inventory:testDebugUnitTest :app:assembleDebug --no-daemon
  FAIL: "garden-space selector lists existing spaces" — onNodeWithText("East Patio") matched 2 nodes (anchor auto-selected + menu item)
# fix: use onAllNodesWithText(...).onFirst().assertIsDisplayed() for both names in that test
$ ./gradlew :feature-inventory:testDebugUnitTest :app:assembleDebug --no-daemon
  BUILD SUCCESSFUL
  InventoryScreensTest tests=7 failures=0 ; PlantDetailAdvisoriesTest tests=2 failures=0
  app-debug.apk present (~11.3 MB)

## Commit + push
$ git add android/feature-inventory/ android/app/
$ git commit -m "feat(android-inventory): garden-space select-or-create for add-plant"
  [master 5ce6f29] 5 files changed, 144 insertions(+), 11 deletions(-)
$ git push origin master        -> 20f4e35..5ce6f29
$ git rev-parse origin/master   -> 5ce6f29cc14a0fb1946dece9b4ff9432e29f2b68
$ git show --stat HEAD | grep -c local.properties   -> 0
