# Commands executed for 0065 (in order)

git rev-parse HEAD                 # -> d4956bb376ae0493d8172c5b76b76dcb87ef38ca (matched)
git status --short                 # -> only ?? android/.kotlin/
git branch --show-current          # -> master
sha256sum -c SHA256SUMS (planner-outbox/0065-catalog-batch4)
# -> PROMPT.md: OK / batch4_ornamentals_houseplants.sql: OK / MANIFEST.json: OK
# Sanity skim: 24 rows, single upsert, no DDL/grant/delete.

# Step 1 — test edits (w2-catalog.integration.test.ts):
#   EXPECTED_PROFILE_COUNT 51 -> 75; + BATCH4_IDS; + batch-4 describe block (verbatim §5b)

# Step 2 — RED:
npx supabase db reset              # 0001–0009 only
cd backend; set -a; eval "$(npx supabase status -o env)"; set +a
npm run test:int
# -> 4 failed | 48 passed (52): count 51≠75 + 3 batch-4 tests
#    (citations test vacuously green at zero rows — noted); no regressions

# Step 3 — migration:
cp …/0065-catalog-batch4/batch4_ornamentals_houseplants.sql supabase/migrations/0010_w2_catalog_batch4_ornamentals_houseplants.sql
sha256sum both -> identical (259fcf1a7bace3071153a289267cbdefc6bb547a06f9a5b7d86334bde81ad613)
npx supabase db reset
# -> "Applying migration 0010_w2_catalog_batch4_ornamentals_houseplants.sql..." / Finished

# Step 4 — GREEN:
npm run test:int                   # -> 52 passed (52)
npm test                           # -> 73 passed (73)
# Catalog proof: berry 6, fruit 9, herb 14, houseplant 9, ornamental 15, root 2,
#                succulent 4, vegetable 14, vine 2 — total 75, cited 75

git add supabase/migrations/0010_… backend/tests/integration/w2-catalog.integration.test.ts
git commit -m "feat(catalog): seed W2 batch 4/4 — 24 ornamentals and houseplants; 75-plant catalog complete"
# -> [master 59288c6] 2 files changed, 93 insertions(+), 1 deletion(-)
git push origin master             # -> d4956bb..59288c6
git rev-parse origin/master        # -> 59288c6a51a6569d7d6a7fec361b25897c4f1b58
git status --short                 # -> only ?? android/.kotlin/
