# Handoff 0021-android-network-lists-rerun — commands, app repo /home/israel/Documents/Development/PlantApp

## Baseline + unblock
$ git fetch origin && git rev-parse HEAD      -> c7b8c54fa70163c3e974d50bec5d9fa9f4f3464d == origin/master
$ ls /home/israel/Android/Sdk/platforms       -> android-34 android-35 android-36 android-36.1  (SDK resolves)
$ readlink -f /home/israel/Android/Sdk        -> /media/israel/Drive/Linux/Android-Sdk
$ mountpoint /media/israel/Drive              -> MOUNTED ; SDK OK (re-checked mid-run)
$ git status --short
   M android/network/src/main/kotlin/dev/plantapp/network/Dtos.kt
   M android/network/src/main/kotlin/dev/plantapp/network/PlantAppApi.kt
   M android/network/src/test/kotlin/dev/plantapp/network/DtoFixtures.kt
   M android/network/src/test/kotlin/dev/plantapp/network/SchemaValidationTest.kt
  (only the 4 expected files; + git-ignored android/local.properties)

## Gate (now runnable — Drive mounted)
$ cd android && GRADLE_USER_HOME=/tmp/plantapp-gradle-home ./gradlew :network:testDebugUnitTest --no-daemon
  BUILD SUCCESSFUL in 31s
  SchemaValidationTest tests="5" failures="0" errors="0"   (new plantProfileDtoConformsToSchema green)
  no failing :network result files

## Commit + push
$ git add android/network/
$ git commit -m "feat(android-network): PlantProfileDto + list calls for profiles/spaces/containers"
  [master ce59e5e] 4 files changed, 64 insertions(+)
$ git push origin master        -> c7b8c54..ce59e5e
$ git rev-parse origin/master   -> ce59e5e416faa64f1da07505372e0aa043960e6a
$ git show --stat HEAD | grep -c local.properties   -> 0  (not committed)
